<?xml version="1.0" encoding="UTF-8"?>
<testng-results ignored="0" total="1" passed="1" failed="0" skipped="0">
  <reporter-output>
  </reporter-output>
  <suite started-at="2024-02-27T16:20:04 IST" name="Default suite" finished-at="2024-02-27T16:20:13 IST" duration-ms="8683">
    <groups>
    </groups>
    <test started-at="2024-02-27T16:20:04 IST" name="Default test" finished-at="2024-02-27T16:20:13 IST" duration-ms="8683">
      <class name="Scenarios_for_Certifications.input_form_2">
        <test-method signature="Input_Form_Submit()[pri:0, instance:Scenarios_for_Certifications.input_form_2@1151e434]" started-at="2024-02-27T16:20:04 IST" name="Input_Form_Submit" finished-at="2024-02-27T16:20:13 IST" duration-ms="8654" status="PASS">
          <reporter-output>
          </reporter-output>
        </test-method> <!-- Input_Form_Submit -->
      </class> <!-- Scenarios_for_Certifications.input_form_2 -->
    </test> <!-- Default test -->
  </suite> <!-- Default suite -->
</testng-results>
